2023-04-06 18:03:00 WARN  o.h.o.c.pooling:75 - HHH10001002: Using Hibernate built-in connection pool (not for production use!)
2023-04-06 18:03:15 WARN  o.h.o.c.pooling:75 - HHH10001002: Using Hibernate built-in connection pool (not for production use!)
2023-04-06 18:07:34 WARN  o.h.o.c.pooling:75 - HHH10001002: Using Hibernate built-in connection pool (not for production use!)
2023-04-06 18:08:37 WARN  o.h.o.c.pooling:75 - HHH10001002: Using Hibernate built-in connection pool (not for production use!)
2023-04-06 18:08:38 WARN  o.h.e.j.s.SqlExceptionHelper:137 - SQL Error: 1062, SQLState: 23000
2023-04-06 18:08:38 ERROR o.h.e.j.s.SqlExceptionHelper:142 - Duplicate entry 'ISBN1' for key 'libro.PRIMARY'
2023-04-06 20:53:58 WARN  o.h.o.c.pooling:75 - HHH10001002: Using Hibernate built-in connection pool (not for production use!)
2023-04-06 21:25:54 WARN  o.h.o.c.pooling:75 - HHH10001002: Using Hibernate built-in connection pool (not for production use!)
2023-04-06 21:26:03 WARN  o.h.o.c.pooling:75 - HHH10001002: Using Hibernate built-in connection pool (not for production use!)
2023-04-06 21:26:05 WARN  o.h.e.j.s.SqlExceptionHelper:137 - SQL Error: 1062, SQLState: 23000
2023-04-06 21:26:05 ERROR o.h.e.j.s.SqlExceptionHelper:142 - Duplicate entry '5dfasdfas' for key 'libro.PRIMARY'
2023-04-06 21:38:49 WARN  o.h.o.c.pooling:75 - HHH10001002: Using Hibernate built-in connection pool (not for production use!)
2023-04-06 22:05:44 WARN  o.h.o.c.pooling:75 - HHH10001002: Using Hibernate built-in connection pool (not for production use!)
2023-04-06 22:39:17 WARN  o.h.o.c.pooling:75 - HHH10001002: Using Hibernate built-in connection pool (not for production use!)
2023-04-06 22:41:21 WARN  o.h.o.c.pooling:75 - HHH10001002: Using Hibernate built-in connection pool (not for production use!)
2023-04-06 22:43:16 WARN  o.h.o.c.pooling:75 - HHH10001002: Using Hibernate built-in connection pool (not for production use!)
2023-04-06 22:46:31 WARN  o.h.o.c.pooling:75 - HHH10001002: Using Hibernate built-in connection pool (not for production use!)
2023-04-06 22:47:35 WARN  o.h.o.c.pooling:75 - HHH10001002: Using Hibernate built-in connection pool (not for production use!)
2023-04-06 22:48:55 WARN  o.h.o.c.pooling:75 - HHH10001002: Using Hibernate built-in connection pool (not for production use!)
2023-04-07 23:58:00 WARN  o.h.o.c.pooling:75 - HHH10001002: Using Hibernate built-in connection pool (not for production use!)
2023-04-07 23:58:02 WARN  o.h.o.c.pooling:75 - HHH10001002: Using Hibernate built-in connection pool (not for production use!)
2023-04-08 00:00:30 WARN  o.h.o.c.pooling:75 - HHH10001002: Using Hibernate built-in connection pool (not for production use!)
2023-04-08 00:00:32 WARN  o.h.o.c.pooling:75 - HHH10001002: Using Hibernate built-in connection pool (not for production use!)
2023-04-08 00:07:14 WARN  o.h.o.c.pooling:75 - HHH10001002: Using Hibernate built-in connection pool (not for production use!)
2023-04-08 00:15:34 WARN  o.h.o.c.pooling:75 - HHH10001002: Using Hibernate built-in connection pool (not for production use!)
2023-04-08 00:17:10 WARN  o.h.o.c.pooling:75 - HHH10001002: Using Hibernate built-in connection pool (not for production use!)
2023-04-08 00:22:27 WARN  o.h.o.c.pooling:75 - HHH10001002: Using Hibernate built-in connection pool (not for production use!)
2023-04-08 00:22:27 WARN  o.h.e.j.e.i.JdbcEnvironmentInitiator:133 - HHH000342: Could not obtain connection to query metadata
java.lang.IllegalStateException: Cannot get a connection as the driver manager is not properly initialized
	at org.hibernate.engine.jdbc.connections.internal.DriverManagerConnectionProviderImpl.getConnection(DriverManagerConnectionProviderImpl.java:220)
	at org.hibernate.engine.jdbc.env.internal.JdbcEnvironmentInitiator$ConnectionProviderJdbcConnectionAccess.obtainConnection(JdbcEnvironmentInitiator.java:181)
	at org.hibernate.engine.jdbc.env.internal.JdbcEnvironmentInitiator.initiateService(JdbcEnvironmentInitiator.java:68)
	at org.hibernate.engine.jdbc.env.internal.JdbcEnvironmentInitiator.initiateService(JdbcEnvironmentInitiator.java:35)
	at org.hibernate.boot.registry.internal.StandardServiceRegistryImpl.initiateService(StandardServiceRegistryImpl.java:101)
	at org.hibernate.service.internal.AbstractServiceRegistryImpl.createService(AbstractServiceRegistryImpl.java:272)
	at org.hibernate.service.internal.AbstractServiceRegistryImpl.initializeService(AbstractServiceRegistryImpl.java:246)
	at org.hibernate.service.internal.AbstractServiceRegistryImpl.getService(AbstractServiceRegistryImpl.java:223)
	at org.hibernate.engine.jdbc.internal.JdbcServicesImpl.configure(JdbcServicesImpl.java:51)
	at org.hibernate.boot.registry.internal.StandardServiceRegistryImpl.configureService(StandardServiceRegistryImpl.java:107)
	at org.hibernate.service.internal.AbstractServiceRegistryImpl.initializeService(AbstractServiceRegistryImpl.java:255)
	at org.hibernate.service.internal.AbstractServiceRegistryImpl.getService(AbstractServiceRegistryImpl.java:223)
	at org.hibernate.engine.jdbc.connections.internal.BasicConnectionCreator.convertSqlException(BasicConnectionCreator.java:129)
	at org.hibernate.engine.jdbc.connections.internal.DriverConnectionCreator.makeConnection(DriverConnectionCreator.java:42)
	at org.hibernate.engine.jdbc.connections.internal.BasicConnectionCreator.createConnection(BasicConnectionCreator.java:62)
	at org.hibernate.engine.jdbc.connections.internal.DriverManagerConnectionProviderImpl$PooledConnections.addConnections(DriverManagerConnectionProviderImpl.java:457)
	at org.hibernate.engine.jdbc.connections.internal.DriverManagerConnectionProviderImpl$PooledConnections.<init>(DriverManagerConnectionProviderImpl.java:323)
	at org.hibernate.engine.jdbc.connections.internal.DriverManagerConnectionProviderImpl$PooledConnections.<init>(DriverManagerConnectionProviderImpl.java:297)
	at org.hibernate.engine.jdbc.connections.internal.DriverManagerConnectionProviderImpl$PooledConnections$Builder.build(DriverManagerConnectionProviderImpl.java:501)
	at org.hibernate.engine.jdbc.connections.internal.DriverManagerConnectionProviderImpl.buildPool(DriverManagerConnectionProviderImpl.java:101)
	at org.hibernate.engine.jdbc.connections.internal.DriverManagerConnectionProviderImpl.configure(DriverManagerConnectionProviderImpl.java:76)
	at org.hibernate.boot.registry.internal.StandardServiceRegistryImpl.configureService(StandardServiceRegistryImpl.java:107)
	at org.hibernate.service.internal.AbstractServiceRegistryImpl.initializeService(AbstractServiceRegistryImpl.java:255)
	at org.hibernate.service.internal.AbstractServiceRegistryImpl.getService(AbstractServiceRegistryImpl.java:223)
	at org.hibernate.engine.jdbc.env.internal.JdbcEnvironmentInitiator.buildJdbcConnectionAccess(JdbcEnvironmentInitiator.java:146)
	at org.hibernate.engine.jdbc.env.internal.JdbcEnvironmentInitiator.initiateService(JdbcEnvironmentInitiator.java:66)
	at org.hibernate.engine.jdbc.env.internal.JdbcEnvironmentInitiator.initiateService(JdbcEnvironmentInitiator.java:35)
	at org.hibernate.boot.registry.internal.StandardServiceRegistryImpl.initiateService(StandardServiceRegistryImpl.java:101)
	at org.hibernate.service.internal.AbstractServiceRegistryImpl.createService(AbstractServiceRegistryImpl.java:272)
	at org.hibernate.service.internal.AbstractServiceRegistryImpl.initializeService(AbstractServiceRegistryImpl.java:246)
	at org.hibernate.service.internal.AbstractServiceRegistryImpl.getService(AbstractServiceRegistryImpl.java:223)
	at org.hibernate.id.factory.internal.DefaultIdentifierGeneratorFactory.injectServices(DefaultIdentifierGeneratorFactory.java:175)
	at org.hibernate.service.internal.AbstractServiceRegistryImpl.injectDependencies(AbstractServiceRegistryImpl.java:295)
	at org.hibernate.service.internal.AbstractServiceRegistryImpl.initializeService(AbstractServiceRegistryImpl.java:252)
	at org.hibernate.service.internal.AbstractServiceRegistryImpl.getService(AbstractServiceRegistryImpl.java:223)
	at org.hibernate.boot.internal.InFlightMetadataCollectorImpl.<init>(InFlightMetadataCollectorImpl.java:173)
	at org.hibernate.boot.model.process.spi.MetadataBuildingProcess.complete(MetadataBuildingProcess.java:127)
	at org.hibernate.jpa.boot.internal.EntityManagerFactoryBuilderImpl.metadata(EntityManagerFactoryBuilderImpl.java:1460)
	at org.hibernate.jpa.boot.internal.EntityManagerFactoryBuilderImpl.build(EntityManagerFactoryBuilderImpl.java:1494)
	at org.hibernate.jpa.HibernatePersistenceProvider.createEntityManagerFactory(HibernatePersistenceProvider.java:56)
	at javax.persistence.Persistence.createEntityManagerFactory(Persistence.java:79)
	at javax.persistence.Persistence.createEntityManagerFactory(Persistence.java:54)
	at com.ISD.FuncionesPrestamos.<clinit>(FuncionesPrestamos.java:10)
	at com.ISD.ActorRenovar.run(ActorRenovar.java:56)
	at java.base/java.lang.Thread.run(Thread.java:833)
2023-04-08 00:22:27 WARN  o.h.e.j.s.SqlExceptionHelper:137 - SQL Error: 1045, SQLState: 28000
2023-04-08 00:22:27 ERROR o.h.e.j.s.SqlExceptionHelper:142 - Access denied for user 'root'@'localhost' (using password: YES)
2023-04-08 00:24:18 WARN  o.h.o.c.pooling:75 - HHH10001002: Using Hibernate built-in connection pool (not for production use!)
2023-04-08 00:27:48 WARN  o.h.o.c.pooling:75 - HHH10001002: Using Hibernate built-in connection pool (not for production use!)
2023-04-08 00:29:04 WARN  o.h.o.c.pooling:75 - HHH10001002: Using Hibernate built-in connection pool (not for production use!)
2023-04-08 00:32:25 WARN  o.h.o.c.pooling:75 - HHH10001002: Using Hibernate built-in connection pool (not for production use!)
2023-04-08 00:43:31 WARN  o.h.o.c.pooling:75 - HHH10001002: Using Hibernate built-in connection pool (not for production use!)
2023-04-08 00:44:24 WARN  o.h.o.c.pooling:75 - HHH10001002: Using Hibernate built-in connection pool (not for production use!)
2023-04-08 02:02:21 WARN  o.h.o.c.pooling:75 - HHH10001002: Using Hibernate built-in connection pool (not for production use!)
2023-04-08 02:02:22 WARN  o.h.o.c.pooling:75 - HHH10001002: Using Hibernate built-in connection pool (not for production use!)
2023-04-08 02:12:48 WARN  o.h.o.c.pooling:75 - HHH10001002: Using Hibernate built-in connection pool (not for production use!)
2023-04-08 02:12:50 WARN  o.h.o.c.pooling:75 - HHH10001002: Using Hibernate built-in connection pool (not for production use!)
2023-04-08 02:18:10 WARN  o.h.o.c.pooling:75 - HHH10001002: Using Hibernate built-in connection pool (not for production use!)
2023-04-08 02:18:11 WARN  o.h.o.c.pooling:75 - HHH10001002: Using Hibernate built-in connection pool (not for production use!)
2023-04-08 02:19:58 WARN  o.h.o.c.pooling:75 - HHH10001002: Using Hibernate built-in connection pool (not for production use!)
2023-04-08 02:19:59 WARN  o.h.o.c.pooling:75 - HHH10001002: Using Hibernate built-in connection pool (not for production use!)
2023-04-08 02:23:30 WARN  o.h.o.c.pooling:75 - HHH10001002: Using Hibernate built-in connection pool (not for production use!)
2023-04-08 02:23:31 WARN  o.h.o.c.pooling:75 - HHH10001002: Using Hibernate built-in connection pool (not for production use!)
2023-04-08 02:29:34 WARN  o.h.o.c.pooling:75 - HHH10001002: Using Hibernate built-in connection pool (not for production use!)
2023-04-08 02:29:36 WARN  o.h.o.c.pooling:75 - HHH10001002: Using Hibernate built-in connection pool (not for production use!)
2023-04-08 02:32:19 WARN  o.h.o.c.pooling:75 - HHH10001002: Using Hibernate built-in connection pool (not for production use!)
2023-04-08 02:32:20 WARN  o.h.o.c.pooling:75 - HHH10001002: Using Hibernate built-in connection pool (not for production use!)
2023-04-08 02:35:36 WARN  o.h.o.c.pooling:75 - HHH10001002: Using Hibernate built-in connection pool (not for production use!)
2023-04-08 02:35:38 WARN  o.h.o.c.pooling:75 - HHH10001002: Using Hibernate built-in connection pool (not for production use!)
2023-04-08 02:38:32 WARN  o.h.o.c.pooling:75 - HHH10001002: Using Hibernate built-in connection pool (not for production use!)
2023-04-08 02:38:33 WARN  o.h.o.c.pooling:75 - HHH10001002: Using Hibernate built-in connection pool (not for production use!)
2023-04-08 02:39:19 WARN  o.h.o.c.pooling:75 - HHH10001002: Using Hibernate built-in connection pool (not for production use!)
2023-04-08 02:46:41 WARN  o.h.o.c.pooling:75 - HHH10001002: Using Hibernate built-in connection pool (not for production use!)
2023-04-08 02:47:40 WARN  o.h.o.c.pooling:75 - HHH10001002: Using Hibernate built-in connection pool (not for production use!)
2023-04-08 12:36:25 WARN  o.h.o.c.pooling:75 - HHH10001002: Using Hibernate built-in connection pool (not for production use!)
2023-04-08 12:36:27 WARN  o.h.o.c.pooling:75 - HHH10001002: Using Hibernate built-in connection pool (not for production use!)
2023-04-08 12:42:15 WARN  o.h.o.c.pooling:75 - HHH10001002: Using Hibernate built-in connection pool (not for production use!)
2023-04-08 12:46:27 WARN  o.h.o.c.pooling:75 - HHH10001002: Using Hibernate built-in connection pool (not for production use!)
2023-04-08 14:02:27 WARN  o.h.o.c.pooling:75 - HHH10001002: Using Hibernate built-in connection pool (not for production use!)
2023-04-08 14:05:37 WARN  o.h.o.c.pooling:75 - HHH10001002: Using Hibernate built-in connection pool (not for production use!)
2023-04-08 14:08:06 WARN  o.h.o.c.pooling:75 - HHH10001002: Using Hibernate built-in connection pool (not for production use!)
2023-04-08 14:09:04 WARN  o.h.o.c.pooling:75 - HHH10001002: Using Hibernate built-in connection pool (not for production use!)
2023-04-08 14:09:05 WARN  o.h.o.c.pooling:75 - HHH10001002: Using Hibernate built-in connection pool (not for production use!)
2023-04-08 14:10:50 WARN  o.h.o.c.pooling:75 - HHH10001002: Using Hibernate built-in connection pool (not for production use!)
2023-04-08 14:17:11 WARN  o.h.o.c.pooling:75 - HHH10001002: Using Hibernate built-in connection pool (not for production use!)
2023-04-08 14:22:59 WARN  o.h.o.c.pooling:75 - HHH10001002: Using Hibernate built-in connection pool (not for production use!)
2023-04-08 14:42:08 WARN  o.h.o.c.pooling:75 - HHH10001002: Using Hibernate built-in connection pool (not for production use!)
2023-04-08 14:42:56 WARN  o.h.o.c.pooling:75 - HHH10001002: Using Hibernate built-in connection pool (not for production use!)
2023-04-08 14:51:54 WARN  o.h.o.c.pooling:75 - HHH10001002: Using Hibernate built-in connection pool (not for production use!)
2023-04-08 15:02:07 WARN  o.h.o.c.pooling:75 - HHH10001002: Using Hibernate built-in connection pool (not for production use!)
2023-04-08 15:02:10 WARN  o.h.o.c.pooling:75 - HHH10001002: Using Hibernate built-in connection pool (not for production use!)
2023-04-08 15:15:36 WARN  o.h.o.c.pooling:75 - HHH10001002: Using Hibernate built-in connection pool (not for production use!)
2023-04-08 15:15:38 WARN  o.h.o.c.pooling:75 - HHH10001002: Using Hibernate built-in connection pool (not for production use!)
2023-04-08 15:21:59 WARN  o.h.o.c.pooling:75 - HHH10001002: Using Hibernate built-in connection pool (not for production use!)
2023-04-08 15:22:01 WARN  o.h.o.c.pooling:75 - HHH10001002: Using Hibernate built-in connection pool (not for production use!)
2023-04-08 15:25:06 WARN  o.h.o.c.pooling:75 - HHH10001002: Using Hibernate built-in connection pool (not for production use!)
2023-04-08 15:25:08 WARN  o.h.o.c.pooling:75 - HHH10001002: Using Hibernate built-in connection pool (not for production use!)
2023-04-08 15:27:45 WARN  o.h.o.c.pooling:75 - HHH10001002: Using Hibernate built-in connection pool (not for production use!)
2023-04-08 15:27:47 WARN  o.h.o.c.pooling:75 - HHH10001002: Using Hibernate built-in connection pool (not for production use!)
2023-04-08 15:30:28 WARN  o.h.o.c.pooling:75 - HHH10001002: Using Hibernate built-in connection pool (not for production use!)
2023-04-08 15:30:30 WARN  o.h.o.c.pooling:75 - HHH10001002: Using Hibernate built-in connection pool (not for production use!)
2023-04-08 15:33:55 WARN  o.h.o.c.pooling:75 - HHH10001002: Using Hibernate built-in connection pool (not for production use!)
2023-04-08 15:33:58 WARN  o.h.o.c.pooling:75 - HHH10001002: Using Hibernate built-in connection pool (not for production use!)
2023-04-08 15:34:40 WARN  o.h.o.c.pooling:75 - HHH10001002: Using Hibernate built-in connection pool (not for production use!)
2023-04-08 15:34:42 WARN  o.h.o.c.pooling:75 - HHH10001002: Using Hibernate built-in connection pool (not for production use!)
2023-04-08 23:26:05 WARN  o.h.o.c.pooling:75 - HHH10001002: Using Hibernate built-in connection pool (not for production use!)
2023-04-08 23:26:06 WARN  o.h.o.c.pooling:75 - HHH10001002: Using Hibernate built-in connection pool (not for production use!)
2023-04-08 23:27:03 WARN  o.h.o.c.pooling:75 - HHH10001002: Using Hibernate built-in connection pool (not for production use!)
2023-04-08 23:27:04 WARN  o.h.o.c.pooling:75 - HHH10001002: Using Hibernate built-in connection pool (not for production use!)
2023-04-08 23:27:57 WARN  o.h.o.c.pooling:75 - HHH10001002: Using Hibernate built-in connection pool (not for production use!)
2023-04-08 23:34:46 WARN  o.h.o.c.pooling:75 - HHH10001002: Using Hibernate built-in connection pool (not for production use!)
2023-04-08 23:36:15 WARN  o.h.o.c.pooling:75 - HHH10001002: Using Hibernate built-in connection pool (not for production use!)
2023-04-08 23:37:58 WARN  o.h.o.c.pooling:75 - HHH10001002: Using Hibernate built-in connection pool (not for production use!)
2023-04-08 23:37:59 WARN  o.h.o.c.pooling:75 - HHH10001002: Using Hibernate built-in connection pool (not for production use!)
2023-04-10 09:15:10 WARN  o.h.o.c.pooling:75 - HHH10001002: Using Hibernate built-in connection pool (not for production use!)
2023-04-10 09:15:11 WARN  o.h.o.c.pooling:75 - HHH10001002: Using Hibernate built-in connection pool (not for production use!)
2023-04-10 09:18:01 WARN  o.h.o.c.pooling:75 - HHH10001002: Using Hibernate built-in connection pool (not for production use!)
2023-04-10 09:18:02 WARN  o.h.o.c.pooling:75 - HHH10001002: Using Hibernate built-in connection pool (not for production use!)
2023-04-10 09:19:51 WARN  o.h.o.c.pooling:75 - HHH10001002: Using Hibernate built-in connection pool (not for production use!)
2023-04-10 10:02:53 WARN  o.h.o.c.pooling:75 - HHH10001002: Using Hibernate built-in connection pool (not for production use!)
2023-04-10 10:30:20 WARN  o.h.o.c.pooling:75 - HHH10001002: Using Hibernate built-in connection pool (not for production use!)
2023-04-10 10:30:22 WARN  o.h.o.c.pooling:75 - HHH10001002: Using Hibernate built-in connection pool (not for production use!)
2023-05-17 19:08:43 WARN  o.h.o.c.pooling:75 - HHH10001002: Using Hibernate built-in connection pool (not for production use!)
2023-05-17 21:48:29 WARN  o.h.o.c.pooling:75 - HHH10001002: Using Hibernate built-in connection pool (not for production use!)
2023-05-17 21:48:30 WARN  o.h.o.c.pooling:75 - HHH10001002: Using Hibernate built-in connection pool (not for production use!)
2023-05-17 21:50:35 WARN  o.h.o.c.pooling:75 - HHH10001002: Using Hibernate built-in connection pool (not for production use!)
2023-05-17 21:50:36 WARN  o.h.o.c.pooling:75 - HHH10001002: Using Hibernate built-in connection pool (not for production use!)
2023-05-17 21:52:08 WARN  o.h.o.c.pooling:75 - HHH10001002: Using Hibernate built-in connection pool (not for production use!)
2023-05-17 21:58:35 WARN  o.h.o.c.pooling:75 - HHH10001002: Using Hibernate built-in connection pool (not for production use!)
2023-05-17 22:05:42 WARN  o.h.o.c.pooling:75 - HHH10001002: Using Hibernate built-in connection pool (not for production use!)
2023-05-17 22:24:55 WARN  o.h.o.c.pooling:75 - HHH10001002: Using Hibernate built-in connection pool (not for production use!)
2023-05-17 22:25:54 WARN  o.h.o.c.pooling:75 - HHH10001002: Using Hibernate built-in connection pool (not for production use!)
2023-05-17 22:27:35 WARN  o.h.o.c.pooling:75 - HHH10001002: Using Hibernate built-in connection pool (not for production use!)
2023-05-17 22:31:28 WARN  o.h.o.c.pooling:75 - HHH10001002: Using Hibernate built-in connection pool (not for production use!)
2023-05-17 22:35:19 WARN  o.h.o.c.pooling:75 - HHH10001002: Using Hibernate built-in connection pool (not for production use!)
2023-05-24 12:47:08 WARN  o.h.o.c.pooling:75 - HHH10001002: Using Hibernate built-in connection pool (not for production use!)
2023-05-24 12:53:41 WARN  o.h.o.c.pooling:75 - HHH10001002: Using Hibernate built-in connection pool (not for production use!)
2023-05-24 17:08:09 WARN  o.h.o.c.pooling:75 - HHH10001002: Using Hibernate built-in connection pool (not for production use!)
2023-05-24 17:11:47 WARN  o.h.o.c.pooling:75 - HHH10001002: Using Hibernate built-in connection pool (not for production use!)
2023-05-24 17:12:53 WARN  o.h.o.c.pooling:75 - HHH10001002: Using Hibernate built-in connection pool (not for production use!)
2023-05-24 17:29:13 WARN  o.h.o.c.pooling:75 - HHH10001002: Using Hibernate built-in connection pool (not for production use!)
2023-05-24 17:29:49 WARN  o.h.o.c.pooling:75 - HHH10001002: Using Hibernate built-in connection pool (not for production use!)
2023-05-24 17:35:15 WARN  o.h.o.c.pooling:75 - HHH10001002: Using Hibernate built-in connection pool (not for production use!)
2023-05-24 17:42:18 WARN  o.h.o.c.pooling:75 - HHH10001002: Using Hibernate built-in connection pool (not for production use!)
2023-05-24 17:56:43 WARN  o.h.o.c.pooling:75 - HHH10001002: Using Hibernate built-in connection pool (not for production use!)
2023-05-24 18:00:00 WARN  o.h.o.c.pooling:75 - HHH10001002: Using Hibernate built-in connection pool (not for production use!)
2023-05-24 18:01:38 WARN  o.h.o.c.pooling:75 - HHH10001002: Using Hibernate built-in connection pool (not for production use!)
